ERROR - 2023-12-18 03:44:33 --> Error connecting to the database: mysqli_sql_exception: Access denied for user 'phfogun_pmc22'@'localhost' (using password: YES) in C:\xampp\htdocs\campvendor22\ci\system\Database\MySQLi\Connection.php:170
Stack trace:
#0 C:\xampp\htdocs\campvendor22\ci\system\Database\MySQLi\Connection.php(170): mysqli->real_connect('localhost', 'phfogun_pmc22', Object(SensitiveParameterValue), 'phfogun_pmc22', 3306, '', 0)
#1 C:\xampp\htdocs\campvendor22\ci\system\Database\BaseConnection.php(382): CodeIgniter\Database\MySQLi\Connection->connect(false)
#2 C:\xampp\htdocs\campvendor22\ci\system\Database\BaseConnection.php(588): CodeIgniter\Database\BaseConnection->initialize()
#3 C:\xampp\htdocs\campvendor22\ci\system\Database\BaseBuilder.php(1585): CodeIgniter\Database\BaseConnection->query('SELECT *\nFROM `...', Array, false)
#4 C:\xampp\htdocs\campvendor22\ci\system\Model.php(185): CodeIgniter\Database\BaseBuilder->get()
#5 C:\xampp\htdocs\campvendor22\ci\system\BaseModel.php(523): CodeIgniter\Model->doFind(false, NULL)
#6 C:\xampp\htdocs\campvendor22\ci\app\Controllers\Home.php(24): CodeIgniter\BaseModel->find()
#7 C:\xampp\htdocs\campvendor22\ci\system\CodeIgniter.php(907): App\Controllers\Home->auth()
#8 C:\xampp\htdocs\campvendor22\ci\system\CodeIgniter.php(457): CodeIgniter\CodeIgniter->runController(Object(App\Controllers\Home))
#9 C:\xampp\htdocs\campvendor22\ci\system\CodeIgniter.php(340): CodeIgniter\CodeIgniter->handleRequest(NULL, Object(Config\Cache), false)
#10 C:\xampp\htdocs\campvendor22\index.php(67): CodeIgniter\CodeIgniter->run()
#11 {main}

Next CodeIgniter\Database\Exceptions\DatabaseException: Access denied for user '****'@'localhost' (using password: YES) in C:\xampp\htdocs\campvendor22\ci\system\Database\MySQLi\Connection.php:215
Stack trace:
#0 C:\xampp\htdocs\campvendor22\ci\system\Database\BaseConnection.php(382): CodeIgniter\Database\MySQLi\Connection->connect(false)
#1 C:\xampp\htdocs\campvendor22\ci\system\Database\BaseConnection.php(588): CodeIgniter\Database\BaseConnection->initialize()
#2 C:\xampp\htdocs\campvendor22\ci\system\Database\BaseBuilder.php(1585): CodeIgniter\Database\BaseConnection->query('SELECT *\nFROM `...', Array, false)
#3 C:\xampp\htdocs\campvendor22\ci\system\Model.php(185): CodeIgniter\Database\BaseBuilder->get()
#4 C:\xampp\htdocs\campvendor22\ci\system\BaseModel.php(523): CodeIgniter\Model->doFind(false, NULL)
#5 C:\xampp\htdocs\campvendor22\ci\app\Controllers\Home.php(24): CodeIgniter\BaseModel->find()
#6 C:\xampp\htdocs\campvendor22\ci\system\CodeIgniter.php(907): App\Controllers\Home->auth()
#7 C:\xampp\htdocs\campvendor22\ci\system\CodeIgniter.php(457): CodeIgniter\CodeIgniter->runController(Object(App\Controllers\Home))
#8 C:\xampp\htdocs\campvendor22\ci\system\CodeIgniter.php(340): CodeIgniter\CodeIgniter->handleRequest(NULL, Object(Config\Cache), false)
#9 C:\xampp\htdocs\campvendor22\index.php(67): CodeIgniter\CodeIgniter->run()
#10 {main}
CRITICAL - 2023-12-18 03:44:33 --> Unable to connect to the database.
Main connection [MySQLi]: Access denied for user '****'@'localhost' (using password: YES)
in SYSTEMPATH\Database\BaseConnection.php on line 418.
 1 SYSTEMPATH\Database\BaseConnection.php(588): CodeIgniter\Database\BaseConnection->initialize()
 2 SYSTEMPATH\Database\BaseBuilder.php(1585): CodeIgniter\Database\BaseConnection->query('SELECT *
FROM `vendors`
WHERE `access_code` = :access_code:
AND `vendors`.`deleted_at` IS NULL', [...], false)
 3 SYSTEMPATH\Model.php(185): CodeIgniter\Database\BaseBuilder->get()
 4 SYSTEMPATH\BaseModel.php(523): CodeIgniter\Model->doFind(false, null)
 5 APPPATH\Controllers\Home.php(24): CodeIgniter\BaseModel->find()
 6 SYSTEMPATH\CodeIgniter.php(907): App\Controllers\Home->auth()
 7 SYSTEMPATH\CodeIgniter.php(457): CodeIgniter\CodeIgniter->runController(Object(App\Controllers\Home))
 8 SYSTEMPATH\CodeIgniter.php(340): CodeIgniter\CodeIgniter->handleRequest(null, Object(Config\Cache), false)
 9 FCPATH\index.php(67): CodeIgniter\CodeIgniter->run()
CRITICAL - 2023-12-18 03:56:18 --> syntax error, unexpected double-quoted string "</h4>", expecting "," or ";"
in APPPATH\Views\tags.php on line 99.
 1 SYSTEMPATH\View\View.php(216): CodeIgniter\View\View->CodeIgniter\View\{closure}()
 2 SYSTEMPATH\Common.php(1142): CodeIgniter\View\View->render('tags', [], true)
 3 APPPATH\Controllers\Home.php(356): view('tags', [...])
 4 SYSTEMPATH\CodeIgniter.php(907): App\Controllers\Home->printtag()
 5 SYSTEMPATH\CodeIgniter.php(457): CodeIgniter\CodeIgniter->runController(Object(App\Controllers\Home))
 6 SYSTEMPATH\CodeIgniter.php(340): CodeIgniter\CodeIgniter->handleRequest(null, Object(Config\Cache), false)
 7 FCPATH\index.php(67): CodeIgniter\CodeIgniter->run()
CRITICAL - 2023-12-18 03:56:58 --> syntax error, unexpected double-quoted string "</h4>", expecting "," or ";"
in APPPATH\Views\tags.php on line 99.
 1 SYSTEMPATH\View\View.php(216): CodeIgniter\View\View->CodeIgniter\View\{closure}()
 2 SYSTEMPATH\Common.php(1142): CodeIgniter\View\View->render('tags', [], true)
 3 APPPATH\Controllers\Home.php(356): view('tags', [...])
 4 SYSTEMPATH\CodeIgniter.php(907): App\Controllers\Home->printtag()
 5 SYSTEMPATH\CodeIgniter.php(457): CodeIgniter\CodeIgniter->runController(Object(App\Controllers\Home))
 6 SYSTEMPATH\CodeIgniter.php(340): CodeIgniter\CodeIgniter->handleRequest(null, Object(Config\Cache), false)
 7 FCPATH\index.php(67): CodeIgniter\CodeIgniter->run()
CRITICAL - 2023-12-18 04:29:21 --> Undefined array key 0
in APPPATH\Views\tags.php on line 124.
 1 APPPATH\Views\tags.php(124): CodeIgniter\Debug\Exceptions->errorHandler(2, 'Undefined array key 0', 'APPPATH\\Views\\tags.php', 124)
 2 SYSTEMPATH\View\View.php(213): include('APPPATH\\Views\\tags.php')
 3 SYSTEMPATH\View\View.php(216): CodeIgniter\View\View->CodeIgniter\View\{closure}()
 4 SYSTEMPATH\Common.php(1142): CodeIgniter\View\View->render('tags', [], true)
 5 APPPATH\Controllers\Home.php(370): view('tags', [...])
 6 SYSTEMPATH\CodeIgniter.php(907): App\Controllers\Home->printtag()
 7 SYSTEMPATH\CodeIgniter.php(457): CodeIgniter\CodeIgniter->runController(Object(App\Controllers\Home))
 8 SYSTEMPATH\CodeIgniter.php(340): CodeIgniter\CodeIgniter->handleRequest(null, Object(Config\Cache), false)
 9 FCPATH\index.php(67): CodeIgniter\CodeIgniter->run()
CRITICAL - 2023-12-18 04:30:38 --> Undefined array key 0
in APPPATH\Views\tags.php on line 124.
 1 APPPATH\Views\tags.php(124): CodeIgniter\Debug\Exceptions->errorHandler(2, 'Undefined array key 0', 'APPPATH\\Views\\tags.php', 124)
 2 SYSTEMPATH\View\View.php(213): include('APPPATH\\Views\\tags.php')
 3 SYSTEMPATH\View\View.php(216): CodeIgniter\View\View->CodeIgniter\View\{closure}()
 4 SYSTEMPATH\Common.php(1142): CodeIgniter\View\View->render('tags', [], true)
 5 APPPATH\Controllers\Home.php(370): view('tags', [...])
 6 SYSTEMPATH\CodeIgniter.php(907): App\Controllers\Home->printtag()
 7 SYSTEMPATH\CodeIgniter.php(457): CodeIgniter\CodeIgniter->runController(Object(App\Controllers\Home))
 8 SYSTEMPATH\CodeIgniter.php(340): CodeIgniter\CodeIgniter->handleRequest(null, Object(Config\Cache), false)
 9 FCPATH\index.php(67): CodeIgniter\CodeIgniter->run()
CRITICAL - 2023-12-18 04:30:42 --> Undefined array key 0
in APPPATH\Views\tags.php on line 124.
 1 APPPATH\Views\tags.php(124): CodeIgniter\Debug\Exceptions->errorHandler(2, 'Undefined array key 0', 'APPPATH\\Views\\tags.php', 124)
 2 SYSTEMPATH\View\View.php(213): include('APPPATH\\Views\\tags.php')
 3 SYSTEMPATH\View\View.php(216): CodeIgniter\View\View->CodeIgniter\View\{closure}()
 4 SYSTEMPATH\Common.php(1142): CodeIgniter\View\View->render('tags', [], true)
 5 APPPATH\Controllers\Home.php(370): view('tags', [...])
 6 SYSTEMPATH\CodeIgniter.php(907): App\Controllers\Home->printtag()
 7 SYSTEMPATH\CodeIgniter.php(457): CodeIgniter\CodeIgniter->runController(Object(App\Controllers\Home))
 8 SYSTEMPATH\CodeIgniter.php(340): CodeIgniter\CodeIgniter->handleRequest(null, Object(Config\Cache), false)
 9 FCPATH\index.php(67): CodeIgniter\CodeIgniter->run()
CRITICAL - 2023-12-18 04:31:29 --> syntax error, unexpected token "if"
in APPPATH\Controllers\Home.php on line 360.
 1 SYSTEMPATH\Autoloader\Autoloader.php(259): CodeIgniter\Autoloader\Autoloader->includeFile('APPPATH\\Controllers\\Home.php')
 2 SYSTEMPATH\Autoloader\Autoloader.php(237): CodeIgniter\Autoloader\Autoloader->loadInNamespace('App\\Controllers\\Home')
 3 [internal function]: CodeIgniter\Autoloader\Autoloader->loadClass('App\\Controllers\\Home')
 4 SYSTEMPATH\CodeIgniter.php(857): class_exists('\\App\\Controllers\\Home', true)
 5 SYSTEMPATH\CodeIgniter.php(444): CodeIgniter\CodeIgniter->startController()
 6 SYSTEMPATH\CodeIgniter.php(340): CodeIgniter\CodeIgniter->handleRequest(null, Object(Config\Cache), false)
 7 FCPATH\index.php(67): CodeIgniter\CodeIgniter->run()
CRITICAL - 2023-12-18 04:32:19 --> Undefined variable $i
in APPPATH\Controllers\Home.php on line 359.
 1 APPPATH\Controllers\Home.php(359): CodeIgniter\Debug\Exceptions->errorHandler(2, 'Undefined variable $i', 'APPPATH\\Controllers\\Home.php', 359)
 2 SYSTEMPATH\CodeIgniter.php(907): App\Controllers\Home->printtag()
 3 SYSTEMPATH\CodeIgniter.php(457): CodeIgniter\CodeIgniter->runController(Object(App\Controllers\Home))
 4 SYSTEMPATH\CodeIgniter.php(340): CodeIgniter\CodeIgniter->handleRequest(null, Object(Config\Cache), false)
 5 FCPATH\index.php(67): CodeIgniter\CodeIgniter->run()
CRITICAL - 2023-12-18 04:39:18 --> syntax error, unexpected identifier "x"
in APPPATH\Views\tags.php on line 80.
 1 SYSTEMPATH\View\View.php(216): CodeIgniter\View\View->CodeIgniter\View\{closure}()
 2 SYSTEMPATH\Common.php(1142): CodeIgniter\View\View->render('tags', [], true)
 3 APPPATH\Controllers\Home.php(370): view('tags', [...])
 4 SYSTEMPATH\CodeIgniter.php(907): App\Controllers\Home->printtag()
 5 SYSTEMPATH\CodeIgniter.php(457): CodeIgniter\CodeIgniter->runController(Object(App\Controllers\Home))
 6 SYSTEMPATH\CodeIgniter.php(340): CodeIgniter\CodeIgniter->handleRequest(null, Object(Config\Cache), false)
 7 FCPATH\index.php(67): CodeIgniter\CodeIgniter->run()
CRITICAL - 2023-12-18 04:45:08 --> syntax error, unexpected token "if", expecting ":"
in APPPATH\Views\header.php on line 87.
 1 SYSTEMPATH\View\View.php(216): CodeIgniter\View\View->CodeIgniter\View\{closure}()
 2 SYSTEMPATH\Common.php(1142): CodeIgniter\View\View->render('header', [], true)
 3 APPPATH\Controllers\Home.php(67): view('header', [...])
 4 SYSTEMPATH\CodeIgniter.php(907): App\Controllers\Home->dashboard()
 5 SYSTEMPATH\CodeIgniter.php(457): CodeIgniter\CodeIgniter->runController(Object(App\Controllers\Home))
 6 SYSTEMPATH\CodeIgniter.php(340): CodeIgniter\CodeIgniter->handleRequest(null, Object(Config\Cache), false)
 7 FCPATH\index.php(67): CodeIgniter\CodeIgniter->run()
CRITICAL - 2023-12-18 06:17:11 --> Cannot access offset of type string on string
in APPPATH\Views\vtags.php on line 127.
 1 SYSTEMPATH\View\View.php(213): include()
 2 SYSTEMPATH\View\View.php(216): CodeIgniter\View\View->CodeIgniter\View\{closure}()
 3 SYSTEMPATH\Common.php(1142): CodeIgniter\View\View->render('vtags', [], true)
 4 APPPATH\Controllers\Home.php(397): view('vtags', [...])
 5 SYSTEMPATH\CodeIgniter.php(907): App\Controllers\Home->printvtag()
 6 SYSTEMPATH\CodeIgniter.php(457): CodeIgniter\CodeIgniter->runController(Object(App\Controllers\Home))
 7 SYSTEMPATH\CodeIgniter.php(340): CodeIgniter\CodeIgniter->handleRequest(null, Object(Config\Cache), false)
 8 FCPATH\index.php(67): CodeIgniter\CodeIgniter->run()
CRITICAL - 2023-12-18 06:19:22 --> Cannot access offset of type string on string
in APPPATH\Views\vtags.php on line 114.
 1 SYSTEMPATH\View\View.php(213): include()
 2 SYSTEMPATH\View\View.php(216): CodeIgniter\View\View->CodeIgniter\View\{closure}()
 3 SYSTEMPATH\Common.php(1142): CodeIgniter\View\View->render('vtags', [], true)
 4 APPPATH\Controllers\Home.php(397): view('vtags', [...])
 5 SYSTEMPATH\CodeIgniter.php(907): App\Controllers\Home->printvtag()
 6 SYSTEMPATH\CodeIgniter.php(457): CodeIgniter\CodeIgniter->runController(Object(App\Controllers\Home))
 7 SYSTEMPATH\CodeIgniter.php(340): CodeIgniter\CodeIgniter->handleRequest(null, Object(Config\Cache), false)
 8 FCPATH\index.php(67): CodeIgniter\CodeIgniter->run()
CRITICAL - 2023-12-18 06:34:19 --> Undefined array key "typer"
in APPPATH\Controllers\Home.php on line 397.
 1 APPPATH\Controllers\Home.php(397): CodeIgniter\Debug\Exceptions->errorHandler(2, 'Undefined array key "typer"', 'APPPATH\\Controllers\\Home.php', 397)
 2 SYSTEMPATH\CodeIgniter.php(907): App\Controllers\Home->printvtag()
 3 SYSTEMPATH\CodeIgniter.php(457): CodeIgniter\CodeIgniter->runController(Object(App\Controllers\Home))
 4 SYSTEMPATH\CodeIgniter.php(340): CodeIgniter\CodeIgniter->handleRequest(null, Object(Config\Cache), false)
 5 FCPATH\index.php(67): CodeIgniter\CodeIgniter->run()
